AXXXZZZGPSBabel
HFDTE160701
HFFXA035
HFPLTPILOT:Bill Bloggs
HFGTYGLIDERTYPE:Schleicher ASH-25
HFGIDGLIDERID:ABCD-1234
HFDTM100GPSDATUM:WGS-1984
HFRFWFIRMWAREVERSION:6.4
HFRHWHARDWAREVERSION:3.0
HFFTYFRTYPE:Manufacturer Model
HFGPSMarconiCanada:Superstar 12ch max10000m
HFPRSPRESSALTSENSOR:Sensyn XYZ1111 max11000m
HFCIDCOMPETITIONID:XYZ-78910
HFCCLCOMPETITIONCLASS:15mMotor Glider
HFSCMSECONDCREW:JohnSmith
C150701213841160701000102500KTri
C5111359N00101899WLashamClubhouse
C5110179N00102644WLashamStart S Start
C5209092N00255227WSarnesfield TP1
C5230147N00017612WNormanCross TP2
C5110179N00102644WLashamStart S Finish
C5111359N00101899WLashamClubhouse
B1602405407121N00249342WA0028000421
B1602455107126N00149300WA0028800429
B1602505107134N00149283WA0029000432
B1602555107140N00149221WA0029000430
B1603005107150N00149202WA0029100432
B1603055107180N00149185WA0029100435
B1603105107212N00149174WA0029300435
B1602485107220N00149150WA0049400436
B1602525107330N00149127WA0049600439
GGPSBabelSecurityRecordGuaranteedToFailVALIChecks
