AXXXZZZGPSBabel
HFDTE240404
HFPLTPILOT:CHRIS JONES
C010170000000000000000101
C3040552S15036542EBORAH
C3040552S15036542EBORAH
C3043796S15038952EBALDWI
C3045821S15043392EMANAIR
C3045821S15043392EMANAIR
B0400193040579S15036384EA0090000000
B0400493040614S15036317EA0093400000
B0401193040699S15036326EA0097000000
B0401503040629S15036431EA0099400000
B0402203040628S15036565EA0100000000
B0402513040689S15036431EA0098000000
B0403223040555S15036270EA0095500000
B0403523040720S15036356EA0091800000
B0404233040884S15036452EA0090300000
B0404543040658S15036419EA0088900000
B0405243040811S15036507EA0087100000
B0405553040688S15036378EA0084200000
B0406263040714S15036409EA0087100000
B0406573040686S15036391EA0089700000
B0407283040728S15036419EA0090300000
B0407583040656S15036366EA0090000000
B0408293040785S15036447EA0092000000
B0409003040822S15036433EA0097100000
B0409313040795S15036535EA0102000000
B0410013040809S15036573EA0100900000
B0410323040819S15036444EA0095500000
B0411023040785S15036304EA0095200000
B0411323040816S15036327EA0096400000
B0412033040846S15036397EA0097500000
B0412343040813S15036503EA0099100000
B0413043040760S15036508EA0096800000
B0413353040694S15036319EA0092600000
B0414063040538S15036152EA0091100000
B0414373040695S15036308EA0089200000
B0415073040758S15036421EA0091300000
B0415383040766S15036490EA0094000000
B0416083040753S15036493EA0094900000
B0416393040739S15036494EA0098200000
B0417103040750S15036527EA0096900000
B0417413040819S15036393EA0094100000
B0418113040806S15036352EA0091300000
B0418413040569S15036344EA0089900000
B0419123040526S15036253EA0090600000
B0419433040646S15036334EA0090300000
B0420133040794S15036367EA0089500000
B0420443040707S15036367EA0090300000
B0421143040679S15036423EA0092200000
B0421443040658S15036414EA0091400000
B0422153040772S15036358EA0091900000
B0422453040722S15036423EA0096100000
B0423153040717S15036457EA0098800000
B0423453040700S15036444EA0101900000
B0424163040689S15036457EA0104100000
B0424473040754S15036486EA0101900000
B0425183040750S15036329EA0099200000
B0425483040794S15036240EA0101900000
B0426193040688S15036353EA0108000000
B0426493040679S15036401EA0111700000
B0427203040754S15036332EA0113300000
B0427513040693S15036316EA0113200000
B0428213040918S15036288EA0108900000
B0428513041173S15036316EA0105800000
B0429223041467S15036406EA0100600000
B0429523041752S15036547EA0093900000
B0430233042022S15036681EA0089600000
B0430543042288S15036906EA0085800000
B0431243042359S15037048EA0087200000
B0431553042430S15037151EA0091200000
B0432263042348S15037228EA0094700000
B0432573042410S15037256EA0096600000
B0433273042612S15037247EA0094700000
B0433583042857S15037346EA0089500000
B0434293043064S15037635EA0085800000
B0435003043168S15037848EA0088900000
B0435303043193S15037985EA0092100000
B0436013043182S15037825EA0095200000
B0436313043184S15037915EA0099500000
B0437023043122S15038026EA0101100000
B0437333043136S15037990EA0103500000
B0438033043131S15038063EA0105600000
B0438333043209S15037994EA0104000000
B0439043043449S15038115EA0101700000
B0439353043669S15038384EA0099400000
B0440053043786S15038748EA0097100000
B0440353043743S15038849EA0097300000
B0441053043773S15038844EA0101200000
B0441353043804S15038931EA0103500000
B0442053043778S15039051EA0100700000
B0442363043815S15038859EA0098400000
B0443073043844S15038931EA0097600000
B0443383043886S15038927EA0099500000
B0444093043845S15038947EA0099400000
B0444403043904S15038862EA0099000000
B0445113043934S15038756EA0098000000
B0445423044093S15038774EA0095300000
B0446133044150S15039144EA0094600000
B0446443044370S15039248EA0094100000
B0447153044594S15039415EA0092800000
B0447463044804S15039714EA0089700000
B0448163044963S15040024EA0086900000
B0448473044982S15040431EA0083300000
B0449183044991S15040573EA0083000000
B0449483045154S15040808EA0081500000
B0450193045342S15041096EA0078100000
B0450493045484S15041383EA0075000000
B0451193045595S15041771EA0065700000
B0451503045744S15042205EA0055400000
B0452213045844S15042642EA0052000000
B0452513045936S15042952EA0051100000
B0453213045839S15043315EA0047600000
B0453523045915S15043559EA0045500000
B0454233045918S15043429EA0043300000
B0454533045933S15043539EA0037900000
B0455243045817S15043457EA0032800000
B0455543045823S15043438EA0033000000
B0456253045831S15043422EA0032900000
B0456563045845S15043414EA0033000000
B0457193045848S15043404EA0000000000
GGPSBabelSecurityRecordGuaranteedToFailVALIChecks
