<?xml version="1.0" encoding="UTF-8"?>
<gpx version="1.0" creator="GPSBabel - http://www.gpsbabel.org" xmlns="http://www.topografix.com/GPX/1/0">
  <time>1970-01-01T00:00:00Z</time>
  <bounds minlat="51.118766667" minlon="-2.920450000" maxlat="54.118683333" maxlon="-0.293533333"/>
  <rte>
    <name>0001</name>
    <desc>IGCDATE160701: 500KTri</desc>
    <rtept lat="51.189316667" lon="-1.031650000">
      <time>2001-07-15T21:38:41Z</time>
      <name>TAKEOFF</name>
      <cmt>LashamClubhouse</cmt>
      <desc>LashamClubhouse</desc>
    </rtept>
    <rtept lat="51.169650000" lon="-1.044066667">
      <time>2001-07-15T21:38:41Z</time>
      <name>START</name>
      <cmt>LashamStart S Start</cmt>
      <desc>LashamStart S Start</desc>
    </rtept>
    <rtept lat="52.151533333" lon="-2.920450000">
      <time>2001-07-15T21:38:41Z</time>
      <name>TURN01</name>
      <cmt>Sarnesfield TP1</cmt>
      <desc>Sarnesfield TP1</desc>
    </rtept>
    <rtept lat="52.502450000" lon="-0.293533333">
      <time>2001-07-15T21:38:41Z</time>
      <name>TURN02</name>
      <cmt>NormanCross TP2</cmt>
      <desc>NormanCross TP2</desc>
    </rtept>
    <rtept lat="51.169650000" lon="-1.044066667">
      <time>2001-07-15T21:38:41Z</time>
      <name>FINISH</name>
      <cmt>LashamStart S Finish</cmt>
      <desc>LashamStart S Finish</desc>
    </rtept>
    <rtept lat="51.189316667" lon="-1.031650000">
      <time>2001-07-15T21:38:41Z</time>
      <name>LANDING</name>
      <cmt>LashamClubhouse</cmt>
      <desc>LashamClubhouse</desc>
    </rtept>
  </rte>
  <trk>
    <name>PRESALTTRK</name>
    <desc>IGCHDRS~HFFXA035~HFPLTPILOT:Bill Bloggs~HFGTYGLIDERTYPE:Schleicher ASH-25~HFGIDGLIDERID:ABCD-1234~HFDTM100GPSDATUM:WGS-1984~HFRFWFIRMWAREVERSION:6.4~HFRHWHARDWAREVERSION:3.0~HFFTYFRTYPE:Manufacturer Model~HFGPSMarconiCanada:Superstar 12ch max10000m~HFPRSPRESSALTSENSOR:Sensyn XYZ1111 max11000m~HFCIDCOMPETITIONID:XYZ-78910~HFCCLCOMPETITIONCLASS:15mMotor Glider~HFSCMSECONDCREW:JohnSmith~</desc>
    <trkseg>
      <trkpt lat="54.118683333" lon="-2.822366667">
        <ele>280.000</ele>
        <time>2001-07-16T16:02:40Z</time>
      </trkpt>
      <trkpt lat="51.118766667" lon="-1.821666667">
        <ele>288.000</ele>
        <time>2001-07-16T16:02:45Z</time>
      </trkpt>
      <trkpt lat="51.118900000" lon="-1.821383333">
        <ele>290.000</ele>
        <time>2001-07-16T16:02:50Z</time>
      </trkpt>
      <trkpt lat="51.119000000" lon="-1.820350000">
        <ele>290.000</ele>
        <time>2001-07-16T16:02:55Z</time>
      </trkpt>
      <trkpt lat="51.119166667" lon="-1.820033333">
        <ele>291.000</ele>
        <time>2001-07-16T16:03:00Z</time>
      </trkpt>
      <trkpt lat="51.119666667" lon="-1.819750000">
        <ele>291.000</ele>
        <time>2001-07-16T16:03:05Z</time>
      </trkpt>
      <trkpt lat="51.120200000" lon="-1.819566667">
        <ele>293.000</ele>
        <time>2001-07-16T16:03:10Z</time>
      </trkpt>
      <trkpt lat="51.120333333" lon="-1.819166667">
        <ele>494.000</ele>
        <time>2001-07-17T16:02:48Z</time>
      </trkpt>
      <trkpt lat="51.122166667" lon="-1.818783333">
        <ele>496.000</ele>
        <time>2001-07-17T16:02:52Z</time>
      </trkpt>
    </trkseg>
  </trk>
  <trk>
    <name>GNSSALTTRK</name>
    <desc>IGCHDRS~HFFXA035~HFPLTPILOT:Bill Bloggs~HFGTYGLIDERTYPE:Schleicher ASH-25~HFGIDGLIDERID:ABCD-1234~HFDTM100GPSDATUM:WGS-1984~HFRFWFIRMWAREVERSION:6.4~HFRHWHARDWAREVERSION:3.0~HFFTYFRTYPE:Manufacturer Model~HFGPSMarconiCanada:Superstar 12ch max10000m~HFPRSPRESSALTSENSOR:Sensyn XYZ1111 max11000m~HFCIDCOMPETITIONID:XYZ-78910~HFCCLCOMPETITIONCLASS:15mMotor Glider~HFSCMSECONDCREW:JohnSmith~</desc>
    <trkseg>
      <trkpt lat="54.118683333" lon="-2.822366667">
        <ele>421.000</ele>
        <time>2001-07-16T16:02:40Z</time>
      </trkpt>
      <trkpt lat="51.118766667" lon="-1.821666667">
        <ele>429.000</ele>
        <time>2001-07-16T16:02:45Z</time>
      </trkpt>
      <trkpt lat="51.118900000" lon="-1.821383333">
        <ele>432.000</ele>
        <time>2001-07-16T16:02:50Z</time>
      </trkpt>
      <trkpt lat="51.119000000" lon="-1.820350000">
        <ele>430.000</ele>
        <time>2001-07-16T16:02:55Z</time>
      </trkpt>
      <trkpt lat="51.119166667" lon="-1.820033333">
        <ele>432.000</ele>
        <time>2001-07-16T16:03:00Z</time>
      </trkpt>
      <trkpt lat="51.119666667" lon="-1.819750000">
        <ele>435.000</ele>
        <time>2001-07-16T16:03:05Z</time>
      </trkpt>
      <trkpt lat="51.120200000" lon="-1.819566667">
        <ele>435.000</ele>
        <time>2001-07-16T16:03:10Z</time>
      </trkpt>
      <trkpt lat="51.120333333" lon="-1.819166667">
        <ele>436.000</ele>
        <time>2001-07-17T16:02:48Z</time>
      </trkpt>
      <trkpt lat="51.122166667" lon="-1.818783333">
        <ele>439.000</ele>
        <time>2001-07-17T16:02:52Z</time>
      </trkpt>
    </trkseg>
  </trk>
</gpx>
