59.867220N 30.261330E АВТОВО/Метро
59.935860N 30.314990E АДМИРАЛТЕЙСКАЯ/Метро
60.012640N 30.395900E АКАДЕМИЧЕСКАЯ/Метро
59.907120N 30.299420E БАЛТИЙСКАЯ/Метро
59.884000N 30.369130E БУХАРЕСТСКАЯ/Метро
59.942550N 30.278170E ВАСИЛЕОСТРОВСКАЯ/Метро
59.927570N 30.347970E ВЛАДИМИРСКАЯ/Метро
59.895710N 30.357010E ВОЛКОВСКАЯ/Метро
59.970930N 30.347470E ВЫБОРГСКАЯ/Метро
59.956060N 30.318790E ГОРЬКОВСКАЯ/Метро
59.934000N 30.333390E ГОСТИНЫЙ ДВОР/Метро
60.034860N 30.418140E ГРАЖДАНСКИЙ ПРОСПЕКТ/Метро
60.051330N 30.443380E ДЕВЯТКИНО/Метро
59.928220N 30.346220E ДОСТОЕВСКАЯ/Метро
59.896520N 30.423600E ЕЛИЗАРОВСКАЯ/Метро
59.833130N 30.349370E ЗВЕЗДНАЯ/Метро
59.922290N 30.335770E ЗВЕНИГОРОДСКАЯ/Метро
59.879610N 30.261940E КИРОВСКИЙ ЗАВОД/Метро
60.008390N 30.258300E КОМЕНДАНТСКИЙ ПРОСПЕКТ/Метро
60.008610N 30.259050E КОМЕНДАНТСКИЙ ПРОСПЕКТ/Метро
59.971670N 30.259390E КРЕСТОВСКИЙ ОСТРОВ/Метро
59.829070N 30.375320E КУПЧИНО/Метро
59.829950N 30.374870E КУПЧИНО/Метро
59.932350N 30.439160E ЛАДОЖСКАЯ/Метро
59.851890N 30.269530E ЛЕНИНСКИЙ ПРОСПЕКТ/Метро
59.851910N 30.267070E ЛЕНИНСКИЙ ПРОСПЕКТ/Метро
59.984740N 30.344270E ЛЕСНАЯ/Метро
59.920600N 30.354880E ЛИГОВСКИЙ ПРОСПЕКТ/Метро
59.877270N 30.441740E ЛОМОНОСОВСКАЯ/Метро
59.931520N 30.355010E МАЯКОВСКАЯ/Метро
59.870150N 30.379450E МЕЖДУНАРОДНАЯ/Метро
59.849180N 30.321060E МОСКОВСКАЯ/Метро
59.853290N 30.320870E МОСКОВСКАЯ/Метро
59.853200N 30.321640E МОСКОВСКАЯ/Метро
59.849370N 30.322060E МОСКОВСКАЯ/Метро
59.891530N 30.318090E МОСКОВСКИЕ ВОРОТА/Метро
59.901080N 30.274850E НАРВСКАЯ/Метро
59.934430N 30.329950E НЕВСКИЙ ПРОСПЕКТ/Метро
59.934940N 30.330100E НЕВСКИЙ ПРОСПЕКТ/Метро
59.935460N 30.326920E НЕВСКИЙ ПРОСПЕКТ/Метро
59.928720N 30.412690E НОВОЧЕРКАССКАЯ/Метро
59.929110N 30.410880E НОВОЧЕРКАССКАЯ/Метро
59.929390N 30.412190E НОВОЧЕРКАССКАЯ/Метро
59.928400N 30.411390E НОВОЧЕРКАССКАЯ/Метро
59.944070N 30.306680E О справочнике Санкт-Петербург Метро - 2016.05/Этот файл содержит информацию о станциях метро Санкт-Петербурга. Адаптация для навигаторов GARMIN и публикация - Навиком, 2016. http://navicom.ru
59.914630N 30.349510E ОБВОДНЫЙ КАНАЛ/Метро
59.848610N 30.457700E ОБУХОВО/Метро
60.037030N 30.321280E ОЗЕРКИ/Метро
59.866260N 30.321780E ПАРК ПОБЕДЫ/Метро
60.067550N 30.334620E ПАРНАС/Метро
59.966240N 30.311140E ПЕТРОГРАДСКАЯ/Метро
60.002440N 30.296610E ПИОНЕРСКАЯ/Метро
59.924250N 30.385180E ПЛОЩАДЬ АЛЕКСАНДРА НЕВСКОГО-1/Метро
59.923510N 30.383310E ПЛОЩАДЬ АЛЕКСАНДРА НЕВСКОГО-2/Метро
59.931510N 30.360440E ПЛОЩАДЬ ВОССТАНИЯ/Метро
59.929550N 30.361010E ПЛОЩАДЬ ВОССТАНИЯ/Метро
59.955720N 30.355720E ПЛОЩАДЬ ЛЕНИНА/Метро
59.958540N 30.354720E ПЛОЩАДЬ ЛЕНИНА/Метро
59.999510N 30.366090E ПЛОЩАДЬ МУЖЕСТВА/Метро
60.008820N 30.370820E ПОЛИТЕХНИЧЕСКАЯ/Метро
59.948360N 30.234490E ПРИМОРСКАЯ/Метро
59.865210N 30.470140E ПРОЛЕТАРСКАЯ/Метро
59.919890N 30.466750E ПРОСПЕКТ БОЛЬШЕВИКОВ/Метро
59.842180N 30.249950E ПРОСПЕКТ ВЕТЕРАНОВ/Метро
59.841280N 30.253230E ПРОСПЕКТ ВЕТЕРАНОВ/Метро
60.051280N 30.332320E ПРОСПЕКТ ПРОСВЕЩЕНИЯ/Метро
59.920590N 30.329700E ПУШКИНСКАЯ/Метро
59.830660N 30.500100E РЫБАЦКОЕ/Метро
59.926300N 30.317890E САДОВАЯ/Метро
59.927090N 30.320630E СЕННАЯ ПЛОЩАДЬ/Метро
59.926580N 30.317120E СПАССКАЯ/Метро
59.926720N 30.319720E СПАССКАЯ/Метро
59.951540N 30.291970E СПОРТИВНАЯ/Метро
59.947630N 30.283500E СПОРТИВНАЯ-2/Метро
59.989210N 30.255000E СТАРАЯ ДЕРЕВНЯ/Метро
59.916310N 30.318670E ТЕХНОЛОГИЧЕСКИЙ ИНСТИТУТ/Метро
60.016600N 30.315550E УДЕЛЬНАЯ/Метро
59.907360N 30.483410E УЛИЦА ДЫБЕНКО/Метро
59.906180N 30.317830E ФРУНЗЕНСКАЯ/Метро
59.985400N 30.300780E ЧЕРНАЯ РЕЧКА/Метро
59.944460N 30.359630E ЧЕРНЫШЕВСКАЯ/Метро
59.960880N 30.291950E ЧКАЛОВСКАЯ/Метро
59.879080N 30.318630E ЭЛЕКТРОСИЛА/Метро
