<?xml version="1.0"?>
<gpx
 version="1.0"
creator="GPSBabel - http://gpsbabel.sourceforge.net"
xmlns:xsi="http://www.w3.org/2001/XMLSchema-instance"
xmlns="http://www.topografix.com/GPX/1/0"
xsi:schemaLocation="http://www.topografix.com/GPX/1/0 http://www.topografix.com/GPX/1/0/gpx.xsd">
<time>1970-01-01T00:00:00Z</time>
<trk>
  <name>PRESALTTRK</name>
  <desc>IGCHDRS~HFFXA035~HFPLTPILOT:Bill Bloggs~HFGTYGLIDERTYPE:Schleicher ASH-25~HFGIDGLIDERID:ABCD-1234~HFDTM100GPSDATUM:WGS-1984~HFRFWFIRMWAREVERSION:6.4~HFRHWHARDWAREVERSION:3.0~HFFTYFRTYPE:Manufacturer Model~HFGPSMarconiCanada:Superstar 12ch max10000m~HFPRSPRESSALTSENSOR:Sensyn XYZ1111 max11000m~HFCIDCOMPETITIONID:XYZ-78910~HFCCLCOMPETITIONCLASS:15mMotor Glider~HFSCMSECONDCREW:JohnSmith~</desc>
<trkseg>
<trkpt lat="54.118683" lon="-2.822367">
<ele>280.000000</ele>
<time>2001-07-16T16:02:40Z</time>
</trkpt>
<trkpt lat="51.118767" lon="-1.821667">
<ele>288.000000</ele>
<time>2001-07-16T16:02:45Z</time>
</trkpt>
<trkpt lat="51.118900" lon="-1.821383">
<ele>290.000000</ele>
<time>2001-07-16T16:02:50Z</time>
</trkpt>
<trkpt lat="51.119000" lon="-1.820350">
<ele>290.000000</ele>
<time>2001-07-16T16:02:55Z</time>
</trkpt>
<trkpt lat="51.119167" lon="-1.820033">
<ele>291.000000</ele>
<time>2001-07-16T16:03:00Z</time>
</trkpt>
<trkpt lat="51.119667" lon="-1.819750">
<ele>291.000000</ele>
<time>2001-07-16T16:03:05Z</time>
</trkpt>
<trkpt lat="51.120200" lon="-1.819567">
<ele>293.000000</ele>
<time>2001-07-16T16:03:10Z</time>
</trkpt>
<trkpt lat="51.120333" lon="-1.819167">
<ele>494.000000</ele>
<time>2001-07-17T16:02:48Z</time>
</trkpt>
<trkpt lat="51.122167" lon="-1.818783">
<ele>496.000000</ele>
<time>2001-07-17T16:02:52Z</time>
</trkpt>
</trkseg>
</trk>
<trk>
  <name>GNSSALTTRK</name>
  <desc>IGCHDRS~HFFXA035~HFPLTPILOT:Bill Bloggs~HFGTYGLIDERTYPE:Schleicher ASH-25~HFGIDGLIDERID:ABCD-1234~HFDTM100GPSDATUM:WGS-1984~HFRFWFIRMWAREVERSION:6.4~HFRHWHARDWAREVERSION:3.0~HFFTYFRTYPE:Manufacturer Model~HFGPSMarconiCanada:Superstar 12ch max10000m~HFPRSPRESSALTSENSOR:Sensyn XYZ1111 max11000m~HFCIDCOMPETITIONID:XYZ-78910~HFCCLCOMPETITIONCLASS:15mMotor Glider~HFSCMSECONDCREW:JohnSmith~</desc>
<trkseg>
<trkpt lat="54.118683" lon="-2.822367">
<ele>421.000000</ele>
<time>2001-07-16T16:02:40Z</time>
</trkpt>
<trkpt lat="51.118767" lon="-1.821667">
<ele>429.000000</ele>
<time>2001-07-16T16:02:45Z</time>
</trkpt>
<trkpt lat="51.118900" lon="-1.821383">
<ele>432.000000</ele>
<time>2001-07-16T16:02:50Z</time>
</trkpt>
<trkpt lat="51.119000" lon="-1.820350">
<ele>430.000000</ele>
<time>2001-07-16T16:02:55Z</time>
</trkpt>
<trkpt lat="51.119167" lon="-1.820033">
<ele>432.000000</ele>
<time>2001-07-16T16:03:00Z</time>
</trkpt>
<trkpt lat="51.119667" lon="-1.819750">
<ele>435.000000</ele>
<time>2001-07-16T16:03:05Z</time>
</trkpt>
<trkpt lat="51.120200" lon="-1.819567">
<ele>435.000000</ele>
<time>2001-07-16T16:03:10Z</time>
</trkpt>
<trkpt lat="51.120333" lon="-1.819167">
<ele>436.000000</ele>
<time>2001-07-17T16:02:48Z</time>
</trkpt>
<trkpt lat="51.122167" lon="-1.818783">
<ele>439.000000</ele>
<time>2001-07-17T16:02:52Z</time>
</trkpt>
</trkseg>
</trk>
<rte>
  <name>0001</name>
  <desc>IGCDATE160701: 500KTri</desc>
  <rtept lat="51.189317" lon="-1.031650">
<time>2001-07-15T21:38:41Z</time>
    <name>TAKEOFF</name>
    <cmt>LashamClubhouse</cmt>
  </rtept>
  <rtept lat="51.169650" lon="-1.044067">
<time>2001-07-15T21:38:41Z</time>
    <name>START</name>
    <cmt>LashamStart S Start</cmt>
  </rtept>
  <rtept lat="52.151533" lon="-2.920450">
<time>2001-07-15T21:38:41Z</time>
    <name>TURN01</name>
    <cmt>Sarnesfield TP1</cmt>
  </rtept>
  <rtept lat="52.502450" lon="-0.293533">
<time>2001-07-15T21:38:41Z</time>
    <name>TURN02</name>
    <cmt>NormanCross TP2</cmt>
  </rtept>
  <rtept lat="51.169650" lon="-1.044067">
<time>2001-07-15T21:38:41Z</time>
    <name>FINISH</name>
    <cmt>LashamStart S Finish</cmt>
  </rtept>
  <rtept lat="51.189317" lon="-1.031650">
<time>2001-07-15T21:38:41Z</time>
    <name>LANDING</name>
    <cmt>LashamClubhouse</cmt>
  </rtept>
</rte>
</gpx>
